<?xml version="1.0" encoding="UTF-8"?>
<!-- Generated by org.testng.reporters.JUnitXMLReporter -->
<testsuite hostname="MITHUN-PC" ignored="0" name="Default test" tests="4" failures="0" timestamp="19 May 2019 08:41:44 GMT" time="116.621" errors="0">
  <testcase name="ebayRegistration" time="2.942" classname="dataProvider.HalfEbayTest"/>
  <testcase name="ebayRegistration" time="2.218" classname="dataProvider.HalfEbayTest"/>
  <testcase name="ebayRegistration" time="2.26" classname="dataProvider.HalfEbayTest"/>
  <testcase name="ebayRegistration" time="5.629" classname="dataProvider.HalfEbayTest"/>
</testsuite> <!-- Default test -->
