<?xml version="1.0" encoding="UTF-8"?>
<testng-results skipped="0" failed="1" ignored="0" total="5" passed="4">
  <reporter-output>
  </reporter-output>
  <suite name="facebookLoginAutomation suite" duration-ms="96814" started-at="2019-05-19T09:55:47Z" finished-at="2019-05-19T09:57:24Z">
    <groups>
    </groups>
    <test name="FacebookLogin" duration-ms="96814" started-at="2019-05-19T09:55:47Z" finished-at="2019-05-19T09:57:24Z">
      <class name="dataProvider.HalfEbayTest">
        <test-method status="PASS" signature="setup()[pri:0, instance:dataProvider.HalfEbayTest@5e5792a0]" name="setup" is-config="true" duration-ms="14031" started-at="2019-05-19T09:55:48Z" finished-at="2019-05-19T09:56:02Z">
          <reporter-output>
          </reporter-output>
        </test-method> <!-- setup -->
        <test-method status="PASS" signature="ebayRegistration(java.lang.String, java.lang.String, java.lang.String, java.lang.String)[pri:0, instance:dataProvider.HalfEbayTest@5e5792a0]" name="ebayRegistration" duration-ms="2452" started-at="2019-05-19T09:56:02Z" data-provider="getData" finished-at="2019-05-19T09:56:05Z">
          <params>
            <param index="0">
              <value>
                <![CDATA[mithun]]>
              </value>
            </param>
            <param index="1">
              <value>
                <![CDATA[kumar]]>
              </value>
            </param>
            <param index="2">
              <value>
                <![CDATA[mithunkr0123@gmail.com]]>
              </value>
            </param>
            <param index="3">
              <value>
                <![CDATA[9620@mithun]]>
              </value>
            </param>
          </params>
          <reporter-output>
          </reporter-output>
        </test-method> <!-- ebayRegistration -->
        <test-method status="PASS" signature="teardown()[pri:0, instance:dataProvider.HalfEbayTest@5e5792a0]" name="teardown" is-config="true" duration-ms="590" started-at="2019-05-19T09:56:05Z" finished-at="2019-05-19T09:56:05Z">
          <reporter-output>
          </reporter-output>
        </test-method> <!-- teardown -->
        <test-method status="PASS" signature="setup()[pri:0, instance:dataProvider.HalfEbayTest@5e5792a0]" name="setup" is-config="true" duration-ms="13298" started-at="2019-05-19T09:56:05Z" finished-at="2019-05-19T09:56:19Z">
          <reporter-output>
          </reporter-output>
        </test-method> <!-- setup -->
        <test-method status="PASS" signature="ebayRegistration(java.lang.String, java.lang.String, java.lang.String, java.lang.String)[pri:0, instance:dataProvider.HalfEbayTest@5e5792a0]" name="ebayRegistration" duration-ms="3374" started-at="2019-05-19T09:56:19Z" data-provider="getData" finished-at="2019-05-19T09:56:22Z">
          <params>
            <param index="0">
              <value>
                <![CDATA[suman ]]>
              </value>
            </param>
            <param index="1">
              <value>
                <![CDATA[rah]]>
              </value>
            </param>
            <param index="2">
              <value>
                <![CDATA[sraj6@gmail.com]]>
              </value>
            </param>
            <param index="3">
              <value>
                <![CDATA[9620@suman]]>
              </value>
            </param>
          </params>
          <reporter-output>
          </reporter-output>
        </test-method> <!-- ebayRegistration -->
        <test-method status="PASS" signature="teardown()[pri:0, instance:dataProvider.HalfEbayTest@5e5792a0]" name="teardown" is-config="true" duration-ms="624" started-at="2019-05-19T09:56:22Z" finished-at="2019-05-19T09:56:23Z">
          <reporter-output>
          </reporter-output>
        </test-method> <!-- teardown -->
        <test-method status="PASS" signature="setup()[pri:0, instance:dataProvider.HalfEbayTest@5e5792a0]" name="setup" is-config="true" duration-ms="15219" started-at="2019-05-19T09:56:23Z" finished-at="2019-05-19T09:56:38Z">
          <reporter-output>
          </reporter-output>
        </test-method> <!-- setup -->
        <test-method status="PASS" signature="ebayRegistration(java.lang.String, java.lang.String, java.lang.String, java.lang.String)[pri:0, instance:dataProvider.HalfEbayTest@5e5792a0]" name="ebayRegistration" duration-ms="16988" started-at="2019-05-19T09:56:38Z" data-provider="getData" finished-at="2019-05-19T09:56:55Z">
          <params>
            <param index="0">
              <value>
                <![CDATA[sumit]]>
              </value>
            </param>
            <param index="1">
              <value>
                <![CDATA[kumar]]>
              </value>
            </param>
            <param index="2">
              <value>
                <![CDATA[sumit@gmail.com]]>
              </value>
            </param>
            <param index="3">
              <value>
                <![CDATA[9620@sumit]]>
              </value>
            </param>
          </params>
          <reporter-output>
          </reporter-output>
        </test-method> <!-- ebayRegistration -->
        <test-method status="PASS" signature="teardown()[pri:0, instance:dataProvider.HalfEbayTest@5e5792a0]" name="teardown" is-config="true" duration-ms="620" started-at="2019-05-19T09:56:55Z" finished-at="2019-05-19T09:56:56Z">
          <reporter-output>
          </reporter-output>
        </test-method> <!-- teardown -->
        <test-method status="PASS" signature="setup()[pri:0, instance:dataProvider.HalfEbayTest@5e5792a0]" name="setup" is-config="true" duration-ms="19107" started-at="2019-05-19T09:56:56Z" finished-at="2019-05-19T09:57:15Z">
          <reporter-output>
          </reporter-output>
        </test-method> <!-- setup -->
        <test-method status="PASS" signature="ebayRegistration(java.lang.String, java.lang.String, java.lang.String, java.lang.String)[pri:0, instance:dataProvider.HalfEbayTest@5e5792a0]" name="ebayRegistration" duration-ms="8736" started-at="2019-05-19T09:57:15Z" data-provider="getData" finished-at="2019-05-19T09:57:23Z">
          <params>
            <param index="0">
              <value>
                <![CDATA[arpitha]]>
              </value>
            </param>
            <param index="1">
              <value>
                <![CDATA[keshavamurthy]]>
              </value>
            </param>
            <param index="2">
              <value>
                <![CDATA[arpitha@gmail.com]]>
              </value>
            </param>
            <param index="3">
              <value>
                <![CDATA[9620@arpitha]]>
              </value>
            </param>
          </params>
          <reporter-output>
          </reporter-output>
        </test-method> <!-- ebayRegistration -->
        <test-method status="PASS" signature="teardown()[pri:0, instance:dataProvider.HalfEbayTest@5e5792a0]" name="teardown" is-config="true" duration-ms="597" started-at="2019-05-19T09:57:23Z" finished-at="2019-05-19T09:57:24Z">
          <reporter-output>
          </reporter-output>
        </test-method> <!-- teardown -->
      </class> <!-- dataProvider.HalfEbayTest -->
      <class name="parameters.ParameterTest">
        <test-method status="FAIL" signature="halfEbayLoginTest(java.lang.String, java.lang.String, java.lang.String)[pri:0, instance:parameters.ParameterTest@3ffc5af1]" name="halfEbayLoginTest" duration-ms="310" started-at="2019-05-19T09:55:47Z" finished-at="2019-05-19T09:55:47Z">
          <params>
            <param index="0">
              <value>
                <![CDATA[http://www.facebook.com]]>
              </value>
            </param>
            <param index="1">
              <value>
                <![CDATA[9620933569]]>
              </value>
            </param>
            <param index="2">
              <value>
                <![CDATA[mithun@shruthi]]>
              </value>
            </param>
          </params>
          <exception class="java.lang.IllegalStateException">
            <message>
              <![CDATA[The driver executable does not exist: D:\Testing_Documents\chromedriver.exe]]>
            </message>
            <full-stacktrace>
              <![CDATA[java.lang.IllegalStateException: The driver executable does not exist: D:\Testing_Documents\chromedriver.exe
at com.google.common.base.Preconditions.checkState(Preconditions.java:585)
at org.openqa.selenium.remote.service.DriverService.checkExecutable(DriverService.java:146)
at org.openqa.selenium.remote.service.DriverService.findExecutable(DriverService.java:141)
at org.openqa.selenium.chrome.ChromeDriverService.access$000(ChromeDriverService.java:35)
at org.openqa.selenium.chrome.ChromeDriverService$Builder.findDefaultExecutable(ChromeDriverService.java:159)
at org.openqa.selenium.remote.service.DriverService$Builder.build(DriverService.java:355)
at org.openqa.selenium.chrome.ChromeDriverService.createDefaultService(ChromeDriverService.java:94)
at org.openqa.selenium.chrome.ChromeDriver.<init>(ChromeDriver.java:123)
at parameters.ParameterTest.halfEbayLoginTest(ParameterTest.java:19)
at sun.reflect.NativeMethodAccessorImpl.invoke0(Native Method)
at sun.reflect.NativeMethodAccessorImpl.invoke(NativeMethodAccessorImpl.java:62)
at sun.reflect.DelegatingMethodAccessorImpl.invoke(DelegatingMethodAccessorImpl.java:43)
at java.lang.reflect.Method.invoke(Method.java:498)
at org.testng.internal.MethodInvocationHelper.invokeMethod(MethodInvocationHelper.java:124)
at org.testng.internal.Invoker.invokeMethod(Invoker.java:583)
at org.testng.internal.Invoker.invokeTestMethod(Invoker.java:719)
at org.testng.internal.Invoker.invokeTestMethods(Invoker.java:989)
at org.testng.internal.TestMethodWorker.invokeTestMethods(TestMethodWorker.java:125)
at org.testng.internal.TestMethodWorker.run(TestMethodWorker.java:109)
at org.testng.TestRunner.privateRun(TestRunner.java:648)
at org.testng.TestRunner.run(TestRunner.java:505)
at org.testng.SuiteRunner.runTest(SuiteRunner.java:455)
at org.testng.SuiteRunner.runSequentially(SuiteRunner.java:450)
at org.testng.SuiteRunner.privateRun(SuiteRunner.java:415)
at org.testng.SuiteRunner.run(SuiteRunner.java:364)
at org.testng.SuiteRunnerWorker.runSuite(SuiteRunnerWorker.java:52)
at org.testng.SuiteRunnerWorker.run(SuiteRunnerWorker.java:84)
at org.testng.TestNG.runSuitesSequentially(TestNG.java:1208)
at org.testng.TestNG.runSuitesLocally(TestNG.java:1137)
at org.testng.TestNG.runSuites(TestNG.java:1049)
at org.testng.TestNG.run(TestNG.java:1017)
at org.testng.remote.AbstractRemoteTestNG.run(AbstractRemoteTestNG.java:115)
at org.testng.remote.RemoteTestNG.initAndRun(RemoteTestNG.java:251)
at org.testng.remote.RemoteTestNG.main(RemoteTestNG.java:77)
]]>
            </full-stacktrace>
          </exception> <!-- java.lang.IllegalStateException -->
          <reporter-output>
          </reporter-output>
        </test-method> <!-- halfEbayLoginTest -->
      </class> <!-- parameters.ParameterTest -->
    </test> <!-- FacebookLogin -->
  </suite> <!-- facebookLoginAutomation suite -->
</testng-results>
